{"/Users/Odz/Desktop/rn-sb-gql-mst-playground/app/components/app/App.tsx": {"path":"/Users/Odz/Desktop/rn-sb-gql-mst-playground/app/components/app/App.tsx","statementMap":{"0":{"start":{"line":18,"column":18},"end":{"line":20,"column":2}},"1":{"start":{"line":22,"column":12},"end":{"line":28,"column":1}},"2":{"start":{"line":23,"column":2},"end":{"line":27,"column":4}},"3":{"start":{"line":30,"column":0},"end":{"line":30,"column":25}}},"fnMap":{"0":{"name":"(anonymous_0)","decl":{"start":{"line":22,"column":12},"end":{"line":22,"column":13}},"loc":{"start":{"line":22,"column":18},"end":{"line":28,"column":1}},"line":22}},"branchMap":{},"s":{"0":1,"1":1,"2":1,"3":1},"f":{"0":1},"b":{},"_coverageSchema":"43e27e138ebf9cfc5966b082cf9a028302ed4184","hash":"0dc4960073388695a894112c001b360395c379e0"}
,"/Users/Odz/Desktop/rn-sb-gql-mst-playground/app/components/app/Screens/User/index.tsx": {"path":"/Users/Odz/Desktop/rn-sb-gql-mst-playground/app/components/app/Screens/User/index.tsx","statementMap":{"0":{"start":{"line":8,"column":24},"end":{"line":8,"column":45}},"1":{"start":{"line":11,"column":30},"end":{"line":11,"column":40}},"2":{"start":{"line":12,"column":32},"end":{"line":12,"column":40}},"3":{"start":{"line":13,"column":2},"end":{"line":35,"column":4}},"4":{"start":{"line":27,"column":10},"end":{"line":27,"column":52}},"5":{"start":{"line":32,"column":10},"end":{"line":32,"column":39}}},"fnMap":{"0":{"name":"(anonymous_0)","decl":{"start":{"line":10,"column":24},"end":{"line":10,"column":25}},"loc":{"start":{"line":10,"column":33},"end":{"line":36,"column":1}},"line":10},"1":{"name":"(anonymous_1)","decl":{"start":{"line":26,"column":19},"end":{"line":26,"column":20}},"loc":{"start":{"line":26,"column":25},"end":{"line":28,"column":9}},"line":26},"2":{"name":"(anonymous_2)","decl":{"start":{"line":31,"column":17},"end":{"line":31,"column":18}},"loc":{"start":{"line":31,"column":23},"end":{"line":33,"column":9}},"line":31}},"branchMap":{},"s":{"0":1,"1":0,"2":0,"3":0,"4":0,"5":0},"f":{"0":0,"1":0,"2":0},"b":{},"_coverageSchema":"43e27e138ebf9cfc5966b082cf9a028302ed4184","hash":"53bd3cef9d9dd4f98f9588907dc53893d3a10596"}
,"/Users/Odz/Desktop/rn-sb-gql-mst-playground/app/components/components/User/index.tsx": {"path":"/Users/Odz/Desktop/rn-sb-gql-mst-playground/app/components/components/User/index.tsx","statementMap":{"0":{"start":{"line":11,"column":20},"end":{"line":41,"column":1}},"1":{"start":{"line":12,"column":39},"end":{"line":12,"column":44}},"2":{"start":{"line":13,"column":2},"end":{"line":40,"column":4}},"3":{"start":{"line":33,"column":12},"end":{"line":33,"column":43}},"4":{"start":{"line":43,"column":17},"end":{"line":66,"column":1}},"5":{"start":{"line":44,"column":39},"end":{"line":44,"column":44}},"6":{"start":{"line":45,"column":2},"end":{"line":65,"column":4}},"7":{"start":{"line":62,"column":12},"end":{"line":62,"column":43}}},"fnMap":{"0":{"name":"(anonymous_0)","decl":{"start":{"line":11,"column":20},"end":{"line":11,"column":21}},"loc":{"start":{"line":11,"column":50},"end":{"line":41,"column":1}},"line":11},"1":{"name":"(anonymous_1)","decl":{"start":{"line":32,"column":19},"end":{"line":32,"column":20}},"loc":{"start":{"line":32,"column":25},"end":{"line":34,"column":11}},"line":32},"2":{"name":"(anonymous_2)","decl":{"start":{"line":43,"column":17},"end":{"line":43,"column":18}},"loc":{"start":{"line":43,"column":47},"end":{"line":66,"column":1}},"line":43},"3":{"name":"(anonymous_3)","decl":{"start":{"line":61,"column":19},"end":{"line":61,"column":20}},"loc":{"start":{"line":61,"column":25},"end":{"line":63,"column":11}},"line":61}},"branchMap":{"0":{"loc":{"start":{"line":16,"column":9},"end":{"line":20,"column":9}},"type":"cond-expr","locations":[{"start":{"line":17,"column":10},"end":{"line":17,"column":64}},{"start":{"line":19,"column":10},"end":{"line":19,"column":62}}],"line":16},"1":{"loc":{"start":{"line":33,"column":12},"end":{"line":33,"column":42}},"type":"cond-expr","locations":[{"start":{"line":33,"column":24},"end":{"line":33,"column":35}},{"start":{"line":33,"column":38},"end":{"line":33,"column":42}}],"line":33},"2":{"loc":{"start":{"line":50,"column":11},"end":{"line":54,"column":11}},"type":"cond-expr","locations":[{"start":{"line":51,"column":12},"end":{"line":51,"column":66}},{"start":{"line":53,"column":12},"end":{"line":53,"column":64}}],"line":50},"3":{"loc":{"start":{"line":62,"column":12},"end":{"line":62,"column":42}},"type":"cond-expr","locations":[{"start":{"line":62,"column":24},"end":{"line":62,"column":35}},{"start":{"line":62,"column":38},"end":{"line":62,"column":42}}],"line":62}},"s":{"0":2,"1":3,"2":3,"3":0,"4":2,"5":1,"6":1,"7":0},"f":{"0":3,"1":0,"2":1,"3":0},"b":{"0":[0,3],"1":[0,0],"2":[0,1],"3":[0,0]},"_coverageSchema":"43e27e138ebf9cfc5966b082cf9a028302ed4184","hash":"80fe0fadfc619e75b6a6a546e70f0e6aeded4854"}
,"/Users/Odz/Desktop/rn-sb-gql-mst-playground/app/components/src/models/BookModel.base.ts": {"path":"/Users/Odz/Desktop/rn-sb-gql-mst-playground/app/components/src/models/BookModel.base.ts","statementMap":{"0":{"start":{"line":15,"column":29},"end":{"line":29,"column":5}},"1":{"start":{"line":25,"column":18},"end":{"line":29,"column":3}},"2":{"start":{"line":27,"column":6},"end":{"line":27,"column":45}},"3":{"start":{"line":32,"column":13},"end":{"line":32,"column":37}},"4":{"start":{"line":33,"column":16},"end":{"line":33,"column":43}},"5":{"start":{"line":34,"column":17},"end":{"line":34,"column":45}},"6":{"start":{"line":35,"column":18},"end":{"line":35,"column":47}},"7":{"start":{"line":36,"column":20},"end":{"line":36,"column":51}},"8":{"start":{"line":39,"column":2},"end":{"line":39,"column":32}},"9":{"start":{"line":42,"column":35},"end":{"line":42,"column":82}}},"fnMap":{"0":{"name":"(anonymous_0)","decl":{"start":{"line":25,"column":9},"end":{"line":25,"column":10}},"loc":{"start":{"line":25,"column":18},"end":{"line":29,"column":3}},"line":25},"1":{"name":"(anonymous_1)","decl":{"start":{"line":26,"column":4},"end":{"line":26,"column":5}},"loc":{"start":{"line":26,"column":16},"end":{"line":28,"column":5}},"line":26},"2":{"name":"(anonymous_2)","decl":{"start":{"line":32,"column":2},"end":{"line":32,"column":3}},"loc":{"start":{"line":32,"column":11},"end":{"line":32,"column":39}},"line":32},"3":{"name":"(anonymous_3)","decl":{"start":{"line":33,"column":2},"end":{"line":33,"column":3}},"loc":{"start":{"line":33,"column":14},"end":{"line":33,"column":45}},"line":33},"4":{"name":"(anonymous_4)","decl":{"start":{"line":34,"column":2},"end":{"line":34,"column":3}},"loc":{"start":{"line":34,"column":15},"end":{"line":34,"column":47}},"line":34},"5":{"name":"(anonymous_5)","decl":{"start":{"line":35,"column":2},"end":{"line":35,"column":3}},"loc":{"start":{"line":35,"column":16},"end":{"line":35,"column":49}},"line":35},"6":{"name":"(anonymous_6)","decl":{"start":{"line":36,"column":2},"end":{"line":36,"column":3}},"loc":{"start":{"line":36,"column":18},"end":{"line":36,"column":53}},"line":36},"7":{"name":"selectFromBook","decl":{"start":{"line":38,"column":16},"end":{"line":38,"column":30}},"loc":{"start":{"line":38,"column":33},"end":{"line":40,"column":1}},"line":38}},"branchMap":{},"s":{"0":1,"1":0,"2":0,"3":1,"4":1,"5":1,"6":1,"7":1,"8":1,"9":1},"f":{"0":0,"1":0,"2":1,"3":1,"4":1,"5":1,"6":1,"7":1},"b":{},"_coverageSchema":"43e27e138ebf9cfc5966b082cf9a028302ed4184","hash":"b96444bff6039625e32c83620ccac4869c97ccd6"}
,"/Users/Odz/Desktop/rn-sb-gql-mst-playground/app/components/src/models/BookModel.ts": {"path":"/Users/Odz/Desktop/rn-sb-gql-mst-playground/app/components/src/models/BookModel.ts","statementMap":{"0":{"start":{"line":17,"column":25},"end":{"line":19,"column":3}},"1":{"start":{"line":17,"column":56},"end":{"line":19,"column":1}}},"fnMap":{"0":{"name":"(anonymous_0)","decl":{"start":{"line":17,"column":47},"end":{"line":17,"column":48}},"loc":{"start":{"line":17,"column":56},"end":{"line":19,"column":1}},"line":17},"1":{"name":"(anonymous_1)","decl":{"start":{"line":18,"column":2},"end":{"line":18,"column":3}},"loc":{"start":{"line":18,"column":9},"end":{"line":18,"column":11}},"line":18}},"branchMap":{},"s":{"0":1,"1":0},"f":{"0":0,"1":0},"b":{},"_coverageSchema":"43e27e138ebf9cfc5966b082cf9a028302ed4184","hash":"688b6e39df29927f3cfdd9e4b97c85f8f9d14286"}
,"/Users/Odz/Desktop/rn-sb-gql-mst-playground/app/components/src/models/ModelBase.ts": {"path":"/Users/Odz/Desktop/rn-sb-gql-mst-playground/app/components/src/models/ModelBase.ts","statementMap":{"0":{"start":{"line":3,"column":25},"end":{"line":3,"column":37}}},"fnMap":{},"branchMap":{},"s":{"0":1},"f":{},"b":{},"_coverageSchema":"43e27e138ebf9cfc5966b082cf9a028302ed4184","hash":"636fb789167ace8d7973737057f1de51a1835e93"}
,"/Users/Odz/Desktop/rn-sb-gql-mst-playground/app/components/src/models/RootStore.base.ts": {"path":"/Users/Odz/Desktop/rn-sb-gql-mst-playground/app/components/src/models/RootStore.base.ts","statementMap":{"0":{"start":{"line":16,"column":29},"end":{"line":64,"column":5}},"1":{"start":{"line":18,"column":46},"end":{"line":18,"column":55}},"2":{"start":{"line":18,"column":73},"end":{"line":18,"column":82}},"3":{"start":{"line":20,"column":53},"end":{"line":20,"column":62}},"4":{"start":{"line":21,"column":53},"end":{"line":21,"column":62}},"5":{"start":{"line":23,"column":20},"end":{"line":64,"column":3}},"6":{"start":{"line":25,"column":6},"end":{"line":27,"column":31}},"7":{"start":{"line":30,"column":6},"end":{"line":32,"column":31}},"8":{"start":{"line":35,"column":6},"end":{"line":37,"column":40}},"9":{"start":{"line":40,"column":6},"end":{"line":42,"column":40}},"10":{"start":{"line":45,"column":6},"end":{"line":47,"column":40}},"11":{"start":{"line":50,"column":6},"end":{"line":52,"column":40}},"12":{"start":{"line":55,"column":6},"end":{"line":57,"column":40}},"13":{"start":{"line":60,"column":6},"end":{"line":62,"column":40}}},"fnMap":{"0":{"name":"(anonymous_0)","decl":{"start":{"line":18,"column":40},"end":{"line":18,"column":41}},"loc":{"start":{"line":18,"column":46},"end":{"line":18,"column":55}},"line":18},"1":{"name":"(anonymous_1)","decl":{"start":{"line":18,"column":67},"end":{"line":18,"column":68}},"loc":{"start":{"line":18,"column":73},"end":{"line":18,"column":82}},"line":18},"2":{"name":"(anonymous_2)","decl":{"start":{"line":20,"column":47},"end":{"line":20,"column":48}},"loc":{"start":{"line":20,"column":53},"end":{"line":20,"column":62}},"line":20},"3":{"name":"(anonymous_3)","decl":{"start":{"line":21,"column":47},"end":{"line":21,"column":48}},"loc":{"start":{"line":21,"column":53},"end":{"line":21,"column":62}},"line":21},"4":{"name":"(anonymous_4)","decl":{"start":{"line":23,"column":11},"end":{"line":23,"column":12}},"loc":{"start":{"line":23,"column":20},"end":{"line":64,"column":3}},"line":23},"5":{"name":"(anonymous_5)","decl":{"start":{"line":24,"column":4},"end":{"line":24,"column":5}},"loc":{"start":{"line":24,"column":167},"end":{"line":28,"column":5}},"line":24},"6":{"name":"(anonymous_6)","decl":{"start":{"line":29,"column":4},"end":{"line":29,"column":5}},"loc":{"start":{"line":29,"column":167},"end":{"line":33,"column":5}},"line":29},"7":{"name":"(anonymous_7)","decl":{"start":{"line":34,"column":4},"end":{"line":34,"column":5}},"loc":{"start":{"line":34,"column":258},"end":{"line":38,"column":5}},"line":34},"8":{"name":"(anonymous_8)","decl":{"start":{"line":39,"column":4},"end":{"line":39,"column":5}},"loc":{"start":{"line":39,"column":282},"end":{"line":43,"column":5}},"line":39},"9":{"name":"(anonymous_9)","decl":{"start":{"line":44,"column":4},"end":{"line":44,"column":5}},"loc":{"start":{"line":44,"column":197},"end":{"line":48,"column":5}},"line":44},"10":{"name":"(anonymous_10)","decl":{"start":{"line":49,"column":4},"end":{"line":49,"column":5}},"loc":{"start":{"line":49,"column":224},"end":{"line":53,"column":5}},"line":49},"11":{"name":"(anonymous_11)","decl":{"start":{"line":54,"column":4},"end":{"line":54,"column":5}},"loc":{"start":{"line":54,"column":199},"end":{"line":58,"column":5}},"line":54},"12":{"name":"(anonymous_12)","decl":{"start":{"line":59,"column":4},"end":{"line":59,"column":5}},"loc":{"start":{"line":59,"column":186},"end":{"line":63,"column":5}},"line":59}},"branchMap":{"0":{"loc":{"start":{"line":24,"column":33},"end":{"line":24,"column":137}},"type":"default-arg","locations":[{"start":{"line":24,"column":107},"end":{"line":24,"column":137}}],"line":24},"1":{"loc":{"start":{"line":24,"column":139},"end":{"line":24,"column":165}},"type":"default-arg","locations":[{"start":{"line":24,"column":163},"end":{"line":24,"column":165}}],"line":24},"2":{"loc":{"start":{"line":26,"column":10},"end":{"line":26,"column":116}},"type":"cond-expr","locations":[{"start":{"line":26,"column":49},"end":{"line":26,"column":99}},{"start":{"line":26,"column":102},"end":{"line":26,"column":116}}],"line":26},"3":{"loc":{"start":{"line":29,"column":33},"end":{"line":29,"column":137}},"type":"default-arg","locations":[{"start":{"line":29,"column":107},"end":{"line":29,"column":137}}],"line":29},"4":{"loc":{"start":{"line":29,"column":139},"end":{"line":29,"column":165}},"type":"default-arg","locations":[{"start":{"line":29,"column":163},"end":{"line":29,"column":165}}],"line":29},"5":{"loc":{"start":{"line":31,"column":10},"end":{"line":31,"column":116}},"type":"cond-expr","locations":[{"start":{"line":31,"column":49},"end":{"line":31,"column":99}},{"start":{"line":31,"column":102},"end":{"line":31,"column":116}}],"line":31},"6":{"loc":{"start":{"line":34,"column":121},"end":{"line":34,"column":225}},"type":"default-arg","locations":[{"start":{"line":34,"column":195},"end":{"line":34,"column":225}}],"line":34},"7":{"loc":{"start":{"line":36,"column":10},"end":{"line":36,"column":116}},"type":"cond-expr","locations":[{"start":{"line":36,"column":49},"end":{"line":36,"column":99}},{"start":{"line":36,"column":102},"end":{"line":36,"column":116}}],"line":36},"8":{"loc":{"start":{"line":39,"column":145},"end":{"line":39,"column":249}},"type":"default-arg","locations":[{"start":{"line":39,"column":219},"end":{"line":39,"column":249}}],"line":39},"9":{"loc":{"start":{"line":41,"column":10},"end":{"line":41,"column":116}},"type":"cond-expr","locations":[{"start":{"line":41,"column":49},"end":{"line":41,"column":99}},{"start":{"line":41,"column":102},"end":{"line":41,"column":116}}],"line":41},"10":{"loc":{"start":{"line":44,"column":60},"end":{"line":44,"column":164}},"type":"default-arg","locations":[{"start":{"line":44,"column":134},"end":{"line":44,"column":164}}],"line":44},"11":{"loc":{"start":{"line":46,"column":10},"end":{"line":46,"column":116}},"type":"cond-expr","locations":[{"start":{"line":46,"column":49},"end":{"line":46,"column":99}},{"start":{"line":46,"column":102},"end":{"line":46,"column":116}}],"line":46},"12":{"loc":{"start":{"line":49,"column":87},"end":{"line":49,"column":191}},"type":"default-arg","locations":[{"start":{"line":49,"column":161},"end":{"line":49,"column":191}}],"line":49},"13":{"loc":{"start":{"line":51,"column":10},"end":{"line":51,"column":116}},"type":"cond-expr","locations":[{"start":{"line":51,"column":49},"end":{"line":51,"column":99}},{"start":{"line":51,"column":102},"end":{"line":51,"column":116}}],"line":51},"14":{"loc":{"start":{"line":54,"column":62},"end":{"line":54,"column":166}},"type":"default-arg","locations":[{"start":{"line":54,"column":136},"end":{"line":54,"column":166}}],"line":54},"15":{"loc":{"start":{"line":56,"column":10},"end":{"line":56,"column":116}},"type":"cond-expr","locations":[{"start":{"line":56,"column":49},"end":{"line":56,"column":99}},{"start":{"line":56,"column":102},"end":{"line":56,"column":116}}],"line":56},"16":{"loc":{"start":{"line":59,"column":49},"end":{"line":59,"column":153}},"type":"default-arg","locations":[{"start":{"line":59,"column":123},"end":{"line":59,"column":153}}],"line":59},"17":{"loc":{"start":{"line":61,"column":10},"end":{"line":61,"column":116}},"type":"cond-expr","locations":[{"start":{"line":61,"column":49},"end":{"line":61,"column":99}},{"start":{"line":61,"column":102},"end":{"line":61,"column":116}}],"line":61}},"s":{"0":1,"1":1,"2":1,"3":1,"4":1,"5":1,"6":0,"7":0,"8":0,"9":0,"10":0,"11":0,"12":0,"13":0},"f":{"0":1,"1":1,"2":1,"3":1,"4":1,"5":0,"6":0,"7":0,"8":0,"9":0,"10":0,"11":0,"12":0},"b":{"0":[0],"1":[0],"2":[0,0],"3":[0],"4":[0],"5":[0,0],"6":[0],"7":[0,0],"8":[0],"9":[0,0],"10":[0],"11":[0,0],"12":[0],"13":[0,0],"14":[0],"15":[0,0],"16":[0],"17":[0,0]},"_coverageSchema":"43e27e138ebf9cfc5966b082cf9a028302ed4184","hash":"1f5874af4a977036633dbf784a3822c4f2a7052d"}
,"/Users/Odz/Desktop/rn-sb-gql-mst-playground/app/components/src/models/RootStore.ts": {"path":"/Users/Odz/Desktop/rn-sb-gql-mst-playground/app/components/src/models/RootStore.ts","statementMap":{"0":{"start":{"line":7,"column":25},"end":{"line":42,"column":5}},"1":{"start":{"line":13,"column":6},"end":{"line":13,"column":70}},"2":{"start":{"line":13,"column":53},"end":{"line":13,"column":68}},"3":{"start":{"line":15,"column":4},"end":{"line":35,"column":6}},"4":{"start":{"line":17,"column":8},"end":{"line":17,"column":26}},"5":{"start":{"line":20,"column":8},"end":{"line":24,"column":11}},"6":{"start":{"line":21,"column":10},"end":{"line":23,"column":12}},"7":{"start":{"line":27,"column":8},"end":{"line":33,"column":10}},"8":{"start":{"line":37,"column":20},"end":{"line":42,"column":3}},"9":{"start":{"line":40,"column":6},"end":{"line":40,"column":40}}},"fnMap":{"0":{"name":"(anonymous_0)","decl":{"start":{"line":11,"column":9},"end":{"line":11,"column":10}},"loc":{"start":{"line":11,"column":17},"end":{"line":36,"column":3}},"line":11},"1":{"name":"vfnbooks","decl":{"start":{"line":12,"column":13},"end":{"line":12,"column":21}},"loc":{"start":{"line":12,"column":24},"end":{"line":14,"column":5}},"line":12},"2":{"name":"(anonymous_2)","decl":{"start":{"line":13,"column":45},"end":{"line":13,"column":46}},"loc":{"start":{"line":13,"column":53},"end":{"line":13,"column":68}},"line":13},"3":{"name":"(anonymous_3)","decl":{"start":{"line":16,"column":6},"end":{"line":16,"column":7}},"loc":{"start":{"line":16,"column":15},"end":{"line":18,"column":7}},"line":16},"4":{"name":"(anonymous_4)","decl":{"start":{"line":19,"column":6},"end":{"line":19,"column":7}},"loc":{"start":{"line":19,"column":29},"end":{"line":25,"column":7}},"line":19},"5":{"name":"(anonymous_5)","decl":{"start":{"line":20,"column":33},"end":{"line":20,"column":34}},"loc":{"start":{"line":20,"column":41},"end":{"line":24,"column":9}},"line":20},"6":{"name":"(anonymous_6)","decl":{"start":{"line":26,"column":6},"end":{"line":26,"column":7}},"loc":{"start":{"line":26,"column":15},"end":{"line":34,"column":7}},"line":26},"7":{"name":"(anonymous_7)","decl":{"start":{"line":37,"column":11},"end":{"line":37,"column":12}},"loc":{"start":{"line":37,"column":20},"end":{"line":42,"column":3}},"line":37},"8":{"name":"(anonymous_8)","decl":{"start":{"line":39,"column":4},"end":{"line":39,"column":5}},"loc":{"start":{"line":39,"column":10},"end":{"line":41,"column":5}},"line":39}},"branchMap":{"0":{"loc":{"start":{"line":22,"column":12},"end":{"line":22,"column":75}},"type":"binary-expr","locations":[{"start":{"line":22,"column":12},"end":{"line":22,"column":34}},{"start":{"line":22,"column":38},"end":{"line":22,"column":58}},{"start":{"line":22,"column":62},"end":{"line":22,"column":75}}],"line":22},"1":{"loc":{"start":{"line":28,"column":10},"end":{"line":32,"column":11}},"type":"binary-expr","locations":[{"start":{"line":28,"column":10},"end":{"line":28,"column":37}},{"start":{"line":28,"column":41},"end":{"line":32,"column":11}}],"line":28}},"s":{"0":1,"1":0,"2":0,"3":1,"4":0,"5":0,"6":0,"7":0,"8":1,"9":0},"f":{"0":1,"1":0,"2":0,"3":0,"4":0,"5":0,"6":0,"7":1,"8":0},"b":{"0":[0,0,0],"1":[0,0]},"_coverageSchema":"43e27e138ebf9cfc5966b082cf9a028302ed4184","hash":"e6986a0da6fd757198a4671c7bf92d452b09160a"}
,"/Users/Odz/Desktop/rn-sb-gql-mst-playground/app/components/src/models/UserModel.base.ts": {"path":"/Users/Odz/Desktop/rn-sb-gql-mst-playground/app/components/src/models/UserModel.base.ts","statementMap":{"0":{"start":{"line":15,"column":29},"end":{"line":27,"column":5}},"1":{"start":{"line":23,"column":18},"end":{"line":27,"column":3}},"2":{"start":{"line":25,"column":6},"end":{"line":25,"column":45}},"3":{"start":{"line":30,"column":13},"end":{"line":30,"column":37}},"4":{"start":{"line":31,"column":15},"end":{"line":31,"column":41}},"5":{"start":{"line":32,"column":18},"end":{"line":32,"column":47}},"6":{"start":{"line":35,"column":2},"end":{"line":35,"column":32}},"7":{"start":{"line":38,"column":35},"end":{"line":38,"column":64}}},"fnMap":{"0":{"name":"(anonymous_0)","decl":{"start":{"line":23,"column":9},"end":{"line":23,"column":10}},"loc":{"start":{"line":23,"column":18},"end":{"line":27,"column":3}},"line":23},"1":{"name":"(anonymous_1)","decl":{"start":{"line":24,"column":4},"end":{"line":24,"column":5}},"loc":{"start":{"line":24,"column":16},"end":{"line":26,"column":5}},"line":24},"2":{"name":"(anonymous_2)","decl":{"start":{"line":30,"column":2},"end":{"line":30,"column":3}},"loc":{"start":{"line":30,"column":11},"end":{"line":30,"column":39}},"line":30},"3":{"name":"(anonymous_3)","decl":{"start":{"line":31,"column":2},"end":{"line":31,"column":3}},"loc":{"start":{"line":31,"column":13},"end":{"line":31,"column":43}},"line":31},"4":{"name":"(anonymous_4)","decl":{"start":{"line":32,"column":2},"end":{"line":32,"column":3}},"loc":{"start":{"line":32,"column":16},"end":{"line":32,"column":49}},"line":32},"5":{"name":"selectFromUser","decl":{"start":{"line":34,"column":16},"end":{"line":34,"column":30}},"loc":{"start":{"line":34,"column":33},"end":{"line":36,"column":1}},"line":34}},"branchMap":{},"s":{"0":1,"1":0,"2":0,"3":1,"4":1,"5":1,"6":1,"7":1},"f":{"0":0,"1":0,"2":1,"3":1,"4":1,"5":1},"b":{},"_coverageSchema":"43e27e138ebf9cfc5966b082cf9a028302ed4184","hash":"359779b53dd25c328ce6c663875686535f129fb3"}
,"/Users/Odz/Desktop/rn-sb-gql-mst-playground/app/components/src/models/UserModel.ts": {"path":"/Users/Odz/Desktop/rn-sb-gql-mst-playground/app/components/src/models/UserModel.ts","statementMap":{"0":{"start":{"line":13,"column":25},"end":{"line":19,"column":5}},"1":{"start":{"line":14,"column":20},"end":{"line":19,"column":3}},"2":{"start":{"line":17,"column":6},"end":{"line":17,"column":39}}},"fnMap":{"0":{"name":"(anonymous_0)","decl":{"start":{"line":14,"column":11},"end":{"line":14,"column":12}},"loc":{"start":{"line":14,"column":20},"end":{"line":19,"column":3}},"line":14},"1":{"name":"(anonymous_1)","decl":{"start":{"line":16,"column":4},"end":{"line":16,"column":5}},"loc":{"start":{"line":16,"column":10},"end":{"line":18,"column":5}},"line":16}},"branchMap":{},"s":{"0":1,"1":0,"2":0},"f":{"0":0,"1":0},"b":{},"_coverageSchema":"43e27e138ebf9cfc5966b082cf9a028302ed4184","hash":"bb777fb4e8723c6c5ce644e22c0ee7fabfb86d7f"}
,"/Users/Odz/Desktop/rn-sb-gql-mst-playground/app/components/src/models/index.ts": {"path":"/Users/Odz/Desktop/rn-sb-gql-mst-playground/app/components/src/models/index.ts","statementMap":{},"fnMap":{},"branchMap":{},"s":{},"f":{},"b":{},"_coverageSchema":"43e27e138ebf9cfc5966b082cf9a028302ed4184","hash":"f3393ffc5d0ae304ac0f32ec711eb3cd27a03511"}
,"/Users/Odz/Desktop/rn-sb-gql-mst-playground/app/components/src/models/reactUtils.ts": {"path":"/Users/Odz/Desktop/rn-sb-gql-mst-playground/app/components/src/models/reactUtils.ts","statementMap":{"0":{"start":{"line":9,"column":28},"end":{"line":9,"column":68}},"1":{"start":{"line":11,"column":24},"end":{"line":11,"column":63}}},"fnMap":{},"branchMap":{},"s":{"0":1,"1":1},"f":{},"b":{},"_coverageSchema":"43e27e138ebf9cfc5966b082cf9a028302ed4184","hash":"2f6564694df1fee7dac10db33ff3d4a2782e4155"}
}
