TN:
SF:/Users/Odz/Desktop/rn-sb-gql-mst-playground/app/components/app/App.tsx
FN:22,(anonymous_0)
FNF:1
FNH:1
FNDA:1,(anonymous_0)
DA:18,1
DA:22,1
DA:23,1
DA:30,1
LF:4
LH:4
BRF:0
BRH:0
end_of_record
TN:
SF:/Users/Odz/Desktop/rn-sb-gql-mst-playground/app/components/app/Screens/User/index.tsx
FN:10,(anonymous_0)
FN:26,(anonymous_1)
FN:31,(anonymous_2)
FNF:3
FNH:0
FNDA:0,(anonymous_0)
FNDA:0,(anonymous_1)
FNDA:0,(anonymous_2)
DA:8,1
DA:11,0
DA:12,0
DA:13,0
DA:27,0
DA:32,0
LF:6
LH:1
BRF:0
BRH:0
end_of_record
TN:
SF:/Users/Odz/Desktop/rn-sb-gql-mst-playground/app/components/components/User/index.tsx
FN:11,(anonymous_0)
FN:32,(anonymous_1)
FN:43,(anonymous_2)
FN:61,(anonymous_3)
FNF:4
FNH:2
FNDA:3,(anonymous_0)
FNDA:0,(anonymous_1)
FNDA:1,(anonymous_2)
FNDA:0,(anonymous_3)
DA:11,2
DA:12,3
DA:13,3
DA:33,0
DA:43,2
DA:44,1
DA:45,1
DA:62,0
LF:8
LH:6
BRDA:16,0,0,0
BRDA:16,0,1,3
BRDA:33,1,0,0
BRDA:33,1,1,0
BRDA:50,2,0,0
BRDA:50,2,1,1
BRDA:62,3,0,0
BRDA:62,3,1,0
BRF:8
BRH:2
end_of_record
TN:
SF:/Users/Odz/Desktop/rn-sb-gql-mst-playground/app/components/src/models/BookModel.base.ts
FN:25,(anonymous_0)
FN:26,(anonymous_1)
FN:32,(anonymous_2)
FN:33,(anonymous_3)
FN:34,(anonymous_4)
FN:35,(anonymous_5)
FN:36,(anonymous_6)
FN:38,selectFromBook
FNF:8
FNH:6
FNDA:0,(anonymous_0)
FNDA:0,(anonymous_1)
FNDA:1,(anonymous_2)
FNDA:1,(anonymous_3)
FNDA:1,(anonymous_4)
FNDA:1,(anonymous_5)
FNDA:1,(anonymous_6)
FNDA:1,selectFromBook
DA:15,1
DA:25,0
DA:27,0
DA:32,1
DA:33,1
DA:34,1
DA:35,1
DA:36,1
DA:39,1
DA:42,1
LF:10
LH:8
BRF:0
BRH:0
end_of_record
TN:
SF:/Users/Odz/Desktop/rn-sb-gql-mst-playground/app/components/src/models/BookModel.ts
FN:17,(anonymous_0)
FN:18,(anonymous_1)
FNF:2
FNH:0
FNDA:0,(anonymous_0)
FNDA:0,(anonymous_1)
DA:17,1
LF:1
LH:1
BRF:0
BRH:0
end_of_record
TN:
SF:/Users/Odz/Desktop/rn-sb-gql-mst-playground/app/components/src/models/ModelBase.ts
FNF:0
FNH:0
DA:3,1
LF:1
LH:1
BRF:0
BRH:0
end_of_record
TN:
SF:/Users/Odz/Desktop/rn-sb-gql-mst-playground/app/components/src/models/RootStore.base.ts
FN:18,(anonymous_0)
FN:18,(anonymous_1)
FN:20,(anonymous_2)
FN:21,(anonymous_3)
FN:23,(anonymous_4)
FN:24,(anonymous_5)
FN:29,(anonymous_6)
FN:34,(anonymous_7)
FN:39,(anonymous_8)
FN:44,(anonymous_9)
FN:49,(anonymous_10)
FN:54,(anonymous_11)
FN:59,(anonymous_12)
FNF:13
FNH:5
FNDA:1,(anonymous_0)
FNDA:1,(anonymous_1)
FNDA:1,(anonymous_2)
FNDA:1,(anonymous_3)
FNDA:1,(anonymous_4)
FNDA:0,(anonymous_5)
FNDA:0,(anonymous_6)
FNDA:0,(anonymous_7)
FNDA:0,(anonymous_8)
FNDA:0,(anonymous_9)
FNDA:0,(anonymous_10)
FNDA:0,(anonymous_11)
FNDA:0,(anonymous_12)
DA:16,1
DA:18,1
DA:20,1
DA:21,1
DA:23,1
DA:25,0
DA:30,0
DA:35,0
DA:40,0
DA:45,0
DA:50,0
DA:55,0
DA:60,0
LF:13
LH:5
BRDA:24,0,0,0
BRDA:24,1,0,0
BRDA:26,2,0,0
BRDA:26,2,1,0
BRDA:29,3,0,0
BRDA:29,4,0,0
BRDA:31,5,0,0
BRDA:31,5,1,0
BRDA:34,6,0,0
BRDA:36,7,0,0
BRDA:36,7,1,0
BRDA:39,8,0,0
BRDA:41,9,0,0
BRDA:41,9,1,0
BRDA:44,10,0,0
BRDA:46,11,0,0
BRDA:46,11,1,0
BRDA:49,12,0,0
BRDA:51,13,0,0
BRDA:51,13,1,0
BRDA:54,14,0,0
BRDA:56,15,0,0
BRDA:56,15,1,0
BRDA:59,16,0,0
BRDA:61,17,0,0
BRDA:61,17,1,0
BRF:26
BRH:0
end_of_record
TN:
SF:/Users/Odz/Desktop/rn-sb-gql-mst-playground/app/components/src/models/RootStore.ts
FN:11,(anonymous_0)
FN:12,vfnbooks
FN:13,(anonymous_2)
FN:16,(anonymous_3)
FN:19,(anonymous_4)
FN:20,(anonymous_5)
FN:26,(anonymous_6)
FN:37,(anonymous_7)
FN:39,(anonymous_8)
FNF:9
FNH:2
FNDA:1,(anonymous_0)
FNDA:0,vfnbooks
FNDA:0,(anonymous_2)
FNDA:0,(anonymous_3)
FNDA:0,(anonymous_4)
FNDA:0,(anonymous_5)
FNDA:0,(anonymous_6)
FNDA:1,(anonymous_7)
FNDA:0,(anonymous_8)
DA:7,1
DA:13,0
DA:15,1
DA:17,0
DA:20,0
DA:21,0
DA:27,0
DA:37,1
DA:40,0
LF:9
LH:3
BRDA:22,0,0,0
BRDA:22,0,1,0
BRDA:22,0,2,0
BRDA:28,1,0,0
BRDA:28,1,1,0
BRF:5
BRH:0
end_of_record
TN:
SF:/Users/Odz/Desktop/rn-sb-gql-mst-playground/app/components/src/models/UserModel.base.ts
FN:23,(anonymous_0)
FN:24,(anonymous_1)
FN:30,(anonymous_2)
FN:31,(anonymous_3)
FN:32,(anonymous_4)
FN:34,selectFromUser
FNF:6
FNH:4
FNDA:0,(anonymous_0)
FNDA:0,(anonymous_1)
FNDA:1,(anonymous_2)
FNDA:1,(anonymous_3)
FNDA:1,(anonymous_4)
FNDA:1,selectFromUser
DA:15,1
DA:23,0
DA:25,0
DA:30,1
DA:31,1
DA:32,1
DA:35,1
DA:38,1
LF:8
LH:6
BRF:0
BRH:0
end_of_record
TN:
SF:/Users/Odz/Desktop/rn-sb-gql-mst-playground/app/components/src/models/UserModel.ts
FN:14,(anonymous_0)
FN:16,(anonymous_1)
FNF:2
FNH:0
FNDA:0,(anonymous_0)
FNDA:0,(anonymous_1)
DA:13,1
DA:14,0
DA:17,0
LF:3
LH:1
BRF:0
BRH:0
end_of_record
TN:
SF:/Users/Odz/Desktop/rn-sb-gql-mst-playground/app/components/src/models/index.ts
FNF:0
FNH:0
LF:0
LH:0
BRF:0
BRH:0
end_of_record
TN:
SF:/Users/Odz/Desktop/rn-sb-gql-mst-playground/app/components/src/models/reactUtils.ts
FNF:0
FNH:0
DA:9,1
DA:11,1
LF:2
LH:2
BRF:0
BRH:0
end_of_record
